 Seq Scan on twitterratings t  (cost=0.00..5630.66 rows=343966 width=8)
         ->  Hash  (cost=117.08..117.08 rows=4708 width=20)
               ->  Seq Scan on movies m  (cost=0.00..117.08 rows=4708 width=20)

QUESTION 4 QUERY PLAN:

HashAggregate  (cost=385.13..385.88 rows=75 width=19)
   Group Key: a.id, a.name, a.surname
   ->  Nested Loop  (cost=35.50..384.57 rows=75 width=19)
         ->  Hash Join  (cost=35.08..300.51 rows=178 width=8)
               Hash Cond: (mr2.movieid = r2.movieid)
               ->  Nested Loop  (cost=1.13..259.45 rows=1421 width=12)
                     ->  Nested Loop  (cost=0.70..72.07 rows=338 width=4)
                           ->  Index Scan using r_idx on imdbratings r1  (cost=0.28..8.39 rows=6 width=4)
                                 Index Cond: (rating < 2::double precision)
                           ->  Index Scan using mr2_idx on movieroles mr1  (cost=0.42..9.98 rows=63 width=8)
                                 Index Cond: (movieid = r1.movieid)
                     ->  Index Scan using mr_idx on movieroles mr2  (cost=0.42..0.52 rows=3 width=8)
                           Index Cond: (actorid = mr1.actorid)
               ->  Hash  (cost=26.59..26.59 rows=589 width=4)
                     ->  Index Scan using r_idx on imdbratings r2  (cost=0.28..26.59 rows=589 width=4)
                           Index Cond: (rating > 8::doubl